2015-05-25 17:30:43,348 [follow.py:114] DEBUG 0
2015-05-25 17:30:43,350 [follow.py:114] DEBUG 0
2015-05-25 17:30:43,413 [follow.py:114] DEBUG 4
2015-05-25 17:30:43,418 [follow.py:114] DEBUG 1
2015-05-25 17:30:43,428 [follow.py:114] DEBUG 3
2015-05-25 17:30:43,624 [follow.py:114] DEBUG 0
2015-05-25 17:30:43,631 [follow.py:114] DEBUG 303
2015-05-25 17:30:43,682 [follow.py:114] DEBUG 3
2015-05-25 17:30:46,101 [follow.py:114] DEBUG 6
2015-05-25 17:30:46,111 [follow.py:114] DEBUG 2
2015-05-25 17:30:46,112 [follow.py:40] DEBUG total success: 10
2015-05-25 17:30:46,113 [follow.py:41] DEBUG total failure: 0
2015-05-25 17:30:46,113 [follow.py:47] DEBUG turn fetch_follow
2015-05-25 17:30:46,301 [follow.py:66] DEBUG [3880218719, 490155926, 3023288310]
2015-05-25 17:30:46,344 [follow.py:66] DEBUG [151178375, 154293524, 1546360875, 2634182556, 3307265358, 3358840569]
2015-05-25 17:30:46,490 [follow.py:66] DEBUG [1614121541, 4264591577, 3271759362, 3792475903, 1613808169, 892398881, 2922467006, 436751272, 4011655135, 1395620206, 3476068601, 3708205457, 3590981241, 1528087287, 4163435515, 2536854865, 353412381, 1513093517, 2469865209, 1613816812, 3473485458, 4011635155, 976248929, 2248591151]
2015-05-25 17:30:46,792 [follow.py:66] DEBUG [4263559880, 2132859131, 3173864776, 3207280216, 1462235039, 2653740545, 1966092431, 2435950334, 489760155, 117706889, 470669705, 2954262429, 1026545599, 455714342, 3492479396, 1714795478, 3373194590, 1848234242, 2871717744, 3593505105, 487408086, 4262273220, 1728704442, 2519641571]
2015-05-25 17:30:46,802 [follow.py:66] DEBUG [2687885695, 2771763071, 2838615016, 3691288441, 739395834, 2301478148, 137172738, 3811547187, 1060600830, 2097313421, 2718733743, 3140358427, 137306991, 4062736046, 4163581050, 4228292336, 1191404666, 1376323702, 3558428441, 1462703736, 87352415, 3442894111, 2081352409, 4280637689]
2015-05-25 17:30:46,813 [follow.py:66] DEBUG [3007201470, 2485820530, 640366939, 2602070066, 2469157423, 4096827176, 53561478, 1828982259, 3189004793, 3643760757, 657485367, 3037190414, 1293993914, 740332826, 1025710192, 3291415467, 4080012339, 4077152221, 908233900, 3492591982, 2285238882, 4147176078, 906082835, 1980714964]
2015-05-25 17:30:46,852 [follow.py:66] DEBUG [386587081, 2804376823, 2368565636, 556731501, 4043706052, 151435325, 3037222610, 1365129, 2569666980, 3624151571, 2147684939, 2567734162, 3809476486, 3859463869, 2416457930, 1981785566, 254034999, 1345010571, 2268579154, 4144794311, 1477190803, 3860886991, 2988459501, 2485166979]
2015-05-25 17:30:46,857 [follow.py:66] DEBUG [252324851, 3962892461, 708249947, 772101459, 588345065, 639627188, 2669687053, 2066615174, 1009733481, 3506621233, 103343628, 1110084621, 221730162, 3057112592, 707812491, 1831298906, 1881280208, 254831542, 1764847098, 271657707, 1762131113, 3792872147, 53863755, 339045189]
2015-05-25 17:30:48,333 [follow.py:66] DEBUG [4263605379, 3174032502, 1361583665, 3458913532, 3406093811, 2214716156, 1813824378, 3089496569, 3291337026, 4246692722, 1244099474, 1060023007, 1664064950, 2250979227, 4247478669, 624266882, 3842367522, 3138592836, 1545862033, 1831619720, 2519284287, 3375055169, 1479908803, 4211655700]
2015-05-25 17:30:49,120 [follow.py:66] DEBUG [3221713754, 2232456774, 3827062481, 3692881668, 3827247390, 2284265321, 3137711995, 973536426, 286012400, 1041079305, 2685389600, 1829277583, 4010094920, 2768472481, 1260264262, 1394033663, 3525617977, 3389093651, 2735704092, 1376969744, 371236653, 3861904240, 2738313168, 2248707148]
2015-05-25 17:30:49,121 [follow.py:40] DEBUG total success: 10
2015-05-25 17:30:49,121 [follow.py:41] DEBUG total failure: 9
2015-05-25 17:30:49,122 [follow.py:51] DEBUG repeat fetch_follow
2015-05-25 17:30:49,334 [follow.py:66] DEBUG [657619193, 523320145, 4080815635, 2402971375]
2015-05-25 17:30:49,345 [follow.py:66] DEBUG [1158866570, 2133183836, 322518584]
2015-05-25 17:30:49,359 [follow.py:66] DEBUG [4179538979]
2015-05-25 17:30:49,404 [follow.py:66] DEBUG [523185076, 573569204, 3308210865, 271528372, 2049933236, 2100294324, 2150602932, 2301587892, 1647262388, 1764713652, 1831824052, 1898912436, 3560378414, 2671209892, 3728148270]
2015-05-25 17:30:49,426 [follow.py:66] DEBUG [1563195465, 3677167435, 3171897279, 1847849303, 287945060, 3778313100, 1782044103, 4214723491, 1258995842, 472637532, 2335512461, 3392633902, 3627504940, 3744964652, 137867051, 1530366115, 87497890, 540511906, 3493280302, 104276525, 772161729, 4129025206, 1228255694, 2083903064]
2015-05-25 17:30:49,431 [follow.py:66] DEBUG [1544575534, 640672929, 605618656, 169496023, 3895770896, 2016780596, 2738326316, 704929685, 1949795117, 1832355372, 1362602795, 2100777771, 2819032915, 402766185, 2367035611, 3878415208, 2218256685, 2050437676, 587342122, 1244524472, 2418997073, 2636867889, 3375832228, 439346356]
2015-05-25 17:30:50,296 [follow.py:66] DEBUG [2198214195, 538852962]
2015-05-25 17:30:50,498 [follow.py:66] DEBUG [1027035554, 708312363, 4010064038, 4026774036, 372203119, 3996642348, 1293124599, 875534448, 808724568, 171423531, 1946547680, 2047409015, 2769815989, 3172540305, 1428919760, 53993635, 1329012525, 1762505975, 1815067503, 2805301523, 4264906515, 2114211477, 990279124, 1594589124]
2015-05-25 17:30:52,295 [follow.py:66] DEBUG [2636858560, 2050019436, 1174767099, 3457956649, 2086873, 3090645548, 2989321065, 1966581154, 4046951470, 2986611120, 4197775610, 4248058874, 20249593, 990878489, 4264834298, 3455993, 1798788396, 3912711724, 2449513440, 2550292231, 839406307, 1295510178, 3661074988, 1832385835]
2015-05-25 17:30:52,296 [follow.py:40] DEBUG total success: 19
2015-05-25 17:30:52,296 [follow.py:41] DEBUG total failure: 0
2015-05-25 17:30:52,296 [follow.py:47] DEBUG turn fetch_total_count
2015-05-25 17:30:52,563 [follow.py:114] DEBUG 36
2015-05-25 17:30:52,606 [follow.py:114] DEBUG 282
2015-05-25 17:30:52,616 [follow.py:114] DEBUG 315
2015-05-25 17:30:52,632 [follow.py:114] DEBUG 300
2015-05-25 17:30:52,648 [follow.py:114] DEBUG 299
2015-05-25 17:30:53,532 [follow.py:114] DEBUG 293
2015-05-25 17:30:53,816 [follow.py:114] DEBUG 285
2015-05-25 17:30:54,957 [follow.py:114] DEBUG 300
2015-05-25 17:30:55,596 [follow.py:114] DEBUG 304
2015-05-25 17:30:55,893 [follow.py:114] DEBUG 17
2015-05-25 17:30:55,894 [follow.py:40] DEBUG total success: 10
2015-05-25 17:30:55,895 [follow.py:41] DEBUG total failure: 312
2015-05-25 17:30:55,895 [follow.py:51] DEBUG repeat fetch_total_count
2015-05-25 17:30:56,164 [follow.py:114] DEBUG 1
2015-05-25 17:30:56,216 [follow.py:114] DEBUG 32
2015-05-25 17:30:56,270 [follow.py:114] DEBUG 299
2015-05-25 17:30:56,298 [follow.py:114] DEBUG 300
2015-05-25 17:30:56,447 [follow.py:114] DEBUG 299
2015-05-25 17:30:56,537 [follow.py:114] DEBUG 304
2015-05-25 17:30:56,567 [follow.py:114] DEBUG 305
2015-05-25 17:30:57,082 [follow.py:114] DEBUG 299
2015-05-25 17:30:57,734 [follow.py:114] DEBUG 300
2015-05-25 17:30:57,738 [follow.py:114] DEBUG 299
2015-05-25 17:30:57,738 [follow.py:40] DEBUG total success: 20
2015-05-25 17:30:57,739 [follow.py:41] DEBUG total failure: 302
2015-05-25 17:30:57,739 [follow.py:51] DEBUG repeat fetch_total_count
2015-05-25 17:30:57,870 [follow.py:114] DEBUG 0
2015-05-25 17:30:58,014 [follow.py:114] DEBUG 305
2015-05-25 17:30:58,058 [follow.py:114] DEBUG 301
2015-05-25 17:30:58,072 [follow.py:114] DEBUG 50
2015-05-25 17:30:58,137 [follow.py:114] DEBUG 345
2015-05-25 17:30:58,178 [follow.py:114] DEBUG 297
2015-05-25 17:30:58,244 [follow.py:114] DEBUG 300
2015-05-25 17:30:58,300 [follow.py:114] DEBUG 299
2015-05-25 17:30:58,348 [follow.py:114] DEBUG 300
2015-05-25 17:31:02,605 [follow.py:114] DEBUG 299
2015-05-25 17:31:02,606 [follow.py:40] DEBUG total success: 30
2015-05-25 17:31:02,606 [follow.py:41] DEBUG total failure: 292
2015-05-25 17:31:02,606 [follow.py:51] DEBUG repeat fetch_total_count
2015-05-25 17:31:02,757 [follow.py:40] DEBUG total success: 30
2015-05-25 17:31:02,758 [follow.py:41] DEBUG total failure: 282
2015-05-25 17:31:02,758 [follow.py:51] DEBUG repeat fetch_total_count
2015-05-25 17:31:02,900 [follow.py:40] DEBUG total success: 30
2015-05-25 17:31:02,900 [follow.py:41] DEBUG total failure: 272
2015-05-25 17:31:02,901 [follow.py:51] DEBUG repeat fetch_total_count
2015-05-25 17:31:03,051 [follow.py:40] DEBUG total success: 30
2015-05-25 17:31:03,052 [follow.py:41] DEBUG total failure: 262
2015-05-25 17:31:03,053 [follow.py:51] DEBUG repeat fetch_total_count
2015-05-25 17:31:03,186 [follow.py:40] DEBUG total success: 30
2015-05-25 17:31:03,187 [follow.py:41] DEBUG total failure: 252
2015-05-25 17:31:03,187 [follow.py:51] DEBUG repeat fetch_total_count
2015-05-25 17:31:03,324 [follow.py:40] DEBUG total success: 30
2015-05-25 17:31:03,325 [follow.py:41] DEBUG total failure: 242
2015-05-25 17:31:03,325 [follow.py:51] DEBUG repeat fetch_total_count
2015-05-25 17:31:03,493 [follow.py:40] DEBUG total success: 30
2015-05-25 17:31:03,493 [follow.py:41] DEBUG total failure: 232
2015-05-25 17:31:03,494 [follow.py:51] DEBUG repeat fetch_total_count
2015-05-25 17:31:03,623 [follow.py:40] DEBUG total success: 30
2015-05-25 17:31:03,623 [follow.py:41] DEBUG total failure: 222
2015-05-25 17:31:03,624 [follow.py:51] DEBUG repeat fetch_total_count
2015-05-25 17:31:03,791 [follow.py:40] DEBUG total success: 30
2015-05-25 17:31:03,792 [follow.py:41] DEBUG total failure: 212
2015-05-25 17:31:03,792 [follow.py:51] DEBUG repeat fetch_total_count
2015-05-25 17:31:03,946 [follow.py:40] DEBUG total success: 30
2015-05-25 17:31:03,947 [follow.py:41] DEBUG total failure: 202
2015-05-25 17:31:03,947 [follow.py:51] DEBUG repeat fetch_total_count
2015-05-25 17:31:04,077 [follow.py:40] DEBUG total success: 30
2015-05-25 17:31:04,077 [follow.py:41] DEBUG total failure: 192
2015-05-25 17:31:04,078 [follow.py:51] DEBUG repeat fetch_total_count
2015-05-25 17:31:04,429 [follow.py:40] DEBUG total success: 30
2015-05-25 17:31:04,429 [follow.py:41] DEBUG total failure: 182
2015-05-25 17:31:04,430 [follow.py:51] DEBUG repeat fetch_total_count
2015-05-25 17:31:04,576 [follow.py:40] DEBUG total success: 30
2015-05-25 17:31:04,577 [follow.py:41] DEBUG total failure: 172
2015-05-25 17:31:04,577 [follow.py:51] DEBUG repeat fetch_total_count
2015-05-25 17:31:04,708 [follow.py:40] DEBUG total success: 30
2015-05-25 17:31:04,709 [follow.py:41] DEBUG total failure: 162
2015-05-25 17:31:04,709 [follow.py:51] DEBUG repeat fetch_total_count
2015-05-25 17:31:04,854 [follow.py:40] DEBUG total success: 30
2015-05-25 17:31:04,855 [follow.py:41] DEBUG total failure: 152
2015-05-25 17:31:04,855 [follow.py:51] DEBUG repeat fetch_total_count
2015-05-25 17:31:04,991 [follow.py:40] DEBUG total success: 30
2015-05-25 17:31:04,991 [follow.py:41] DEBUG total failure: 142
2015-05-25 17:31:04,992 [follow.py:51] DEBUG repeat fetch_total_count
2015-05-25 17:31:07,069 [follow.py:40] DEBUG total success: 30
2015-05-25 17:31:07,070 [follow.py:41] DEBUG total failure: 132
2015-05-25 17:31:07,070 [follow.py:51] DEBUG repeat fetch_total_count
2015-05-25 17:31:07,214 [follow.py:40] DEBUG total success: 30
2015-05-25 17:31:07,214 [follow.py:41] DEBUG total failure: 122
2015-05-25 17:31:07,215 [follow.py:51] DEBUG repeat fetch_total_count
2015-05-25 17:31:07,349 [follow.py:40] DEBUG total success: 30
2015-05-25 17:31:07,350 [follow.py:41] DEBUG total failure: 112
2015-05-25 17:31:07,350 [follow.py:51] DEBUG repeat fetch_total_count
2015-05-25 17:31:07,494 [follow.py:40] DEBUG total success: 30
2015-05-25 17:31:07,495 [follow.py:41] DEBUG total failure: 102
2015-05-25 17:31:07,495 [follow.py:51] DEBUG repeat fetch_total_count
2015-05-25 17:31:07,621 [follow.py:40] DEBUG total success: 30
2015-05-25 17:31:07,621 [follow.py:41] DEBUG total failure: 92
2015-05-25 17:31:07,622 [follow.py:51] DEBUG repeat fetch_total_count
2015-05-25 17:31:07,757 [follow.py:40] DEBUG total success: 30
2015-05-25 17:31:07,758 [follow.py:41] DEBUG total failure: 82
2015-05-25 17:31:07,758 [follow.py:51] DEBUG repeat fetch_total_count
2015-05-25 17:31:09,838 [follow.py:40] DEBUG total success: 30
2015-05-25 17:31:09,838 [follow.py:41] DEBUG total failure: 72
2015-05-25 17:31:09,839 [follow.py:51] DEBUG repeat fetch_total_count
2015-05-25 17:31:10,049 [follow.py:40] DEBUG total success: 30
2015-05-25 17:31:10,049 [follow.py:41] DEBUG total failure: 62
2015-05-25 17:31:10,049 [follow.py:51] DEBUG repeat fetch_total_count
2015-05-25 17:31:12,122 [follow.py:40] DEBUG total success: 30
2015-05-25 17:31:12,123 [follow.py:41] DEBUG total failure: 52
2015-05-25 17:31:12,123 [follow.py:51] DEBUG repeat fetch_total_count
2015-05-25 17:31:14,218 [follow.py:40] DEBUG total success: 30
2015-05-25 17:31:14,219 [follow.py:41] DEBUG total failure: 42
2015-05-25 17:31:14,219 [follow.py:51] DEBUG repeat fetch_total_count
2015-05-25 17:31:14,548 [follow.py:40] DEBUG total success: 30
2015-05-25 17:31:14,549 [follow.py:41] DEBUG total failure: 32
2015-05-25 17:31:14,549 [follow.py:51] DEBUG repeat fetch_total_count
2015-05-25 17:31:14,688 [follow.py:40] DEBUG total success: 30
2015-05-25 17:31:14,689 [follow.py:41] DEBUG total failure: 22
2015-05-25 17:31:14,689 [follow.py:51] DEBUG repeat fetch_total_count
2015-05-25 17:31:14,821 [follow.py:40] DEBUG total success: 30
2015-05-25 17:31:14,821 [follow.py:41] DEBUG total failure: 12
2015-05-25 17:31:14,821 [follow.py:51] DEBUG repeat fetch_total_count
2015-05-25 17:31:14,966 [follow.py:40] DEBUG total success: 30
2015-05-25 17:31:14,967 [follow.py:41] DEBUG total failure: 2
2015-05-25 17:31:14,967 [follow.py:51] DEBUG repeat fetch_total_count
2015-05-25 17:31:15,084 [follow.py:40] DEBUG total success: 30
2015-05-25 17:31:15,085 [follow.py:41] DEBUG total failure: 0
2015-05-25 17:31:15,085 [follow.py:47] DEBUG turn fetch_follow
2015-05-25 17:31:15,217 [follow.py:40] DEBUG total success: 0
2015-05-25 17:31:15,218 [follow.py:41] DEBUG total failure: 312
2015-05-25 17:31:15,218 [follow.py:51] DEBUG repeat fetch_follow
2015-05-25 17:31:15,368 [follow.py:40] DEBUG total success: 0
2015-05-25 17:31:15,368 [follow.py:41] DEBUG total failure: 302
2015-05-25 17:31:15,368 [follow.py:51] DEBUG repeat fetch_follow
2015-05-25 17:31:15,530 [follow.py:40] DEBUG total success: 0
2015-05-25 17:31:15,531 [follow.py:41] DEBUG total failure: 292
2015-05-25 17:31:15,531 [follow.py:51] DEBUG repeat fetch_follow
2015-05-25 17:31:15,668 [follow.py:40] DEBUG total success: 0
2015-05-25 17:31:15,668 [follow.py:41] DEBUG total failure: 282
2015-05-25 17:31:15,669 [follow.py:51] DEBUG repeat fetch_follow
2015-05-25 17:31:15,807 [follow.py:40] DEBUG total success: 0
2015-05-25 17:31:15,807 [follow.py:41] DEBUG total failure: 272
2015-05-25 17:31:15,808 [follow.py:51] DEBUG repeat fetch_follow
2015-05-25 17:31:15,940 [follow.py:40] DEBUG total success: 0
2015-05-25 17:31:15,940 [follow.py:41] DEBUG total failure: 262
2015-05-25 17:31:15,940 [follow.py:51] DEBUG repeat fetch_follow
2015-05-25 17:31:16,074 [follow.py:40] DEBUG total success: 0
2015-05-25 17:31:16,075 [follow.py:41] DEBUG total failure: 252
2015-05-25 17:31:16,075 [follow.py:51] DEBUG repeat fetch_follow
2015-05-25 17:31:16,223 [follow.py:40] DEBUG total success: 0
2015-05-25 17:31:16,224 [follow.py:41] DEBUG total failure: 242
2015-05-25 17:31:16,224 [follow.py:51] DEBUG repeat fetch_follow
2015-05-25 17:31:16,371 [follow.py:40] DEBUG total success: 0
2015-05-25 17:31:16,371 [follow.py:41] DEBUG total failure: 232
2015-05-25 17:31:16,372 [follow.py:51] DEBUG repeat fetch_follow
2015-05-25 17:31:16,503 [follow.py:40] DEBUG total success: 0
2015-05-25 17:31:16,503 [follow.py:41] DEBUG total failure: 222
2015-05-25 17:31:16,504 [follow.py:51] DEBUG repeat fetch_follow
2015-05-25 17:31:16,642 [follow.py:40] DEBUG total success: 0
2015-05-25 17:31:16,642 [follow.py:41] DEBUG total failure: 212
2015-05-25 17:31:16,643 [follow.py:51] DEBUG repeat fetch_follow
2015-05-25 17:31:16,807 [follow.py:40] DEBUG total success: 0
2015-05-25 17:31:16,808 [follow.py:41] DEBUG total failure: 202
2015-05-25 17:31:16,809 [follow.py:51] DEBUG repeat fetch_follow
2015-05-25 17:31:16,952 [follow.py:40] DEBUG total success: 0
2015-05-25 17:31:16,953 [follow.py:41] DEBUG total failure: 192
2015-05-25 17:31:16,953 [follow.py:51] DEBUG repeat fetch_follow
2015-05-25 17:31:17,119 [follow.py:40] DEBUG total success: 0
2015-05-25 17:31:17,119 [follow.py:41] DEBUG total failure: 182
2015-05-25 17:31:17,120 [follow.py:51] DEBUG repeat fetch_follow
2015-05-25 17:31:17,264 [follow.py:40] DEBUG total success: 0
2015-05-25 17:31:17,264 [follow.py:41] DEBUG total failure: 172
2015-05-25 17:31:17,265 [follow.py:51] DEBUG repeat fetch_follow
2015-05-25 17:31:17,410 [follow.py:40] DEBUG total success: 0
2015-05-25 17:31:17,411 [follow.py:41] DEBUG total failure: 162
2015-05-25 17:31:17,411 [follow.py:51] DEBUG repeat fetch_follow
2015-05-25 17:31:17,545 [follow.py:40] DEBUG total success: 0
2015-05-25 17:31:17,545 [follow.py:41] DEBUG total failure: 152
2015-05-25 17:31:17,546 [follow.py:51] DEBUG repeat fetch_follow
2015-05-25 17:31:17,692 [follow.py:40] DEBUG total success: 0
2015-05-25 17:31:17,692 [follow.py:41] DEBUG total failure: 142
2015-05-25 17:31:17,693 [follow.py:51] DEBUG repeat fetch_follow
2015-05-25 17:31:17,828 [follow.py:40] DEBUG total success: 0
2015-05-25 17:31:17,829 [follow.py:41] DEBUG total failure: 132
2015-05-25 17:31:17,829 [follow.py:51] DEBUG repeat fetch_follow
2015-05-25 17:31:17,987 [follow.py:40] DEBUG total success: 0
2015-05-25 17:31:17,988 [follow.py:41] DEBUG total failure: 122
2015-05-25 17:31:17,989 [follow.py:51] DEBUG repeat fetch_follow
2015-05-25 17:31:18,123 [follow.py:40] DEBUG total success: 0
2015-05-25 17:31:18,124 [follow.py:41] DEBUG total failure: 112
2015-05-25 17:31:18,124 [follow.py:51] DEBUG repeat fetch_follow
2015-05-25 17:31:18,260 [follow.py:40] DEBUG total success: 0
2015-05-25 17:31:18,260 [follow.py:41] DEBUG total failure: 102
2015-05-25 17:31:18,261 [follow.py:51] DEBUG repeat fetch_follow
2015-05-25 17:31:18,399 [follow.py:40] DEBUG total success: 0
2015-05-25 17:31:18,399 [follow.py:41] DEBUG total failure: 92
2015-05-25 17:31:18,400 [follow.py:51] DEBUG repeat fetch_follow
2015-05-25 17:31:18,544 [follow.py:40] DEBUG total success: 0
2015-05-25 17:31:18,545 [follow.py:41] DEBUG total failure: 82
2015-05-25 17:31:18,545 [follow.py:51] DEBUG repeat fetch_follow
2015-05-25 17:31:18,692 [follow.py:40] DEBUG total success: 0
2015-05-25 17:31:18,692 [follow.py:41] DEBUG total failure: 72
2015-05-25 17:31:18,693 [follow.py:51] DEBUG repeat fetch_follow
2015-05-25 17:31:18,832 [follow.py:40] DEBUG total success: 0
2015-05-25 17:31:18,832 [follow.py:41] DEBUG total failure: 62
2015-05-25 17:31:18,833 [follow.py:51] DEBUG repeat fetch_follow
2015-05-25 17:31:18,968 [follow.py:40] DEBUG total success: 0
2015-05-25 17:31:18,968 [follow.py:41] DEBUG total failure: 52
2015-05-25 17:31:18,969 [follow.py:51] DEBUG repeat fetch_follow
2015-05-25 17:31:19,107 [follow.py:40] DEBUG total success: 0
2015-05-25 17:31:19,107 [follow.py:41] DEBUG total failure: 42
2015-05-25 17:31:19,108 [follow.py:51] DEBUG repeat fetch_follow
2015-05-25 17:31:19,244 [follow.py:40] DEBUG total success: 0
2015-05-25 17:31:19,244 [follow.py:41] DEBUG total failure: 32
2015-05-25 17:31:19,244 [follow.py:51] DEBUG repeat fetch_follow
2015-05-25 17:31:21,319 [follow.py:40] DEBUG total success: 0
2015-05-25 17:31:21,320 [follow.py:41] DEBUG total failure: 22
2015-05-25 17:31:21,320 [follow.py:51] DEBUG repeat fetch_follow
2015-05-25 17:31:21,456 [follow.py:40] DEBUG total success: 0
2015-05-25 17:31:21,457 [follow.py:41] DEBUG total failure: 12
2015-05-25 17:31:21,457 [follow.py:51] DEBUG repeat fetch_follow
2015-05-25 17:31:21,605 [follow.py:40] DEBUG total success: 0
2015-05-25 17:31:21,605 [follow.py:41] DEBUG total failure: 2
2015-05-25 17:31:21,606 [follow.py:51] DEBUG repeat fetch_follow
2015-05-25 17:31:21,733 [follow.py:40] DEBUG total success: 0
2015-05-25 17:31:21,733 [follow.py:41] DEBUG total failure: 0
2015-05-25 17:31:21,734 [follow.py:44] DEBUG cost time: 38.519756794
