2015-05-25 17:08:56,598 [share.py:113] DEBUG total_count: 0
2015-05-25 17:08:56,599 [share.py:113] DEBUG total_count: 0
2015-05-25 17:08:56,602 [share.py:113] DEBUG total_count: 0
2015-05-25 17:08:56,624 [share.py:113] DEBUG total_count: 0
2015-05-25 17:08:56,627 [share.py:113] DEBUG total_count: 0
2015-05-25 17:08:56,630 [share.py:113] DEBUG total_count: 0
2015-05-25 17:08:56,632 [share.py:113] DEBUG total_count: 0
2015-05-25 17:08:56,667 [share.py:113] DEBUG total_count: 0
2015-05-25 17:08:56,671 [share.py:113] DEBUG total_count: 0
2015-05-25 17:08:56,698 [share.py:113] DEBUG total_count: 0
2015-05-25 17:08:56,700 [share.py:113] DEBUG total_count: 0
2015-05-25 17:08:56,710 [share.py:113] DEBUG total_count: 0
2015-05-25 17:08:56,724 [share.py:113] DEBUG total_count: 0
2015-05-25 17:08:56,733 [share.py:113] DEBUG total_count: 0
2015-05-25 17:08:56,881 [share.py:113] DEBUG total_count: 0
2015-05-25 17:08:56,884 [share.py:113] DEBUG total_count: 0
2015-05-25 17:08:56,895 [share.py:113] DEBUG total_count: 0
2015-05-25 17:08:56,916 [share.py:113] DEBUG total_count: 0
2015-05-25 17:08:56,945 [share.py:113] DEBUG total_count: 0
2015-05-25 17:08:57,024 [share.py:113] DEBUG total_count: 0
2015-05-25 17:08:57,110 [share.py:113] DEBUG total_count: 0
2015-05-25 17:08:57,137 [share.py:113] DEBUG total_count: 0
2015-05-25 17:08:57,347 [share.py:113] DEBUG total_count: 0
2015-05-25 17:08:57,382 [share.py:113] DEBUG total_count: 0
2015-05-25 17:08:57,418 [share.py:113] DEBUG total_count: 0
2015-05-25 17:08:57,476 [share.py:113] DEBUG total_count: 4
2015-05-25 17:08:57,556 [share.py:113] DEBUG total_count: 0
2015-05-25 17:08:57,565 [share.py:113] DEBUG total_count: 0
2015-05-25 17:08:57,581 [share.py:113] DEBUG total_count: 3
2015-05-25 17:08:57,590 [share.py:113] DEBUG total_count: 2
2015-05-25 17:08:57,592 [share.py:113] DEBUG total_count: 0
2015-05-25 17:08:57,595 [share.py:113] DEBUG total_count: 0
2015-05-25 17:08:57,652 [share.py:113] DEBUG total_count: 12
2015-05-25 17:08:57,691 [share.py:113] DEBUG total_count: 11
2015-05-25 17:08:57,800 [share.py:113] DEBUG total_count: 25
2015-05-25 17:08:57,816 [share.py:113] DEBUG total_count: 5
2015-05-25 17:08:57,873 [share.py:113] DEBUG total_count: 0
2015-05-25 17:08:57,894 [share.py:113] DEBUG total_count: 0
2015-05-25 17:08:57,923 [share.py:113] DEBUG total_count: 5
2015-05-25 17:08:57,956 [share.py:113] DEBUG total_count: 11
2015-05-25 17:08:58,177 [share.py:113] DEBUG total_count: 0
2015-05-25 17:08:58,180 [share.py:113] DEBUG total_count: 0
2015-05-25 17:08:58,182 [share.py:113] DEBUG total_count: 0
2015-05-25 17:08:58,194 [share.py:113] DEBUG total_count: 0
2015-05-25 17:08:58,203 [share.py:113] DEBUG total_count: 0
2015-05-25 17:08:58,250 [share.py:113] DEBUG total_count: 7
2015-05-25 17:08:58,295 [share.py:113] DEBUG total_count: 2
2015-05-25 17:08:58,306 [share.py:113] DEBUG total_count: 18
2015-05-25 17:08:58,339 [share.py:113] DEBUG total_count: 12
2015-05-25 17:08:58,352 [share.py:113] DEBUG total_count: 14
2015-05-25 17:08:58,353 [share.py:113] DEBUG total_count: 2
2015-05-25 17:08:58,365 [share.py:113] DEBUG total_count: 2
2015-05-25 17:08:58,455 [share.py:113] DEBUG total_count: 29
2015-05-25 17:08:58,607 [share.py:113] DEBUG total_count: 12
2015-05-25 17:08:58,632 [share.py:113] DEBUG total_count: 12
2015-05-25 17:08:58,643 [share.py:113] DEBUG total_count: 12
2015-05-25 17:08:58,684 [share.py:113] DEBUG total_count: 22
2015-05-25 17:08:58,706 [share.py:113] DEBUG total_count: 18
2015-05-25 17:08:58,722 [share.py:113] DEBUG total_count: 14
2015-05-25 17:08:58,740 [share.py:113] DEBUG total_count: 4
2015-05-25 17:08:58,983 [share.py:113] DEBUG total_count: 14
2015-05-25 17:08:59,241 [share.py:113] DEBUG total_count: 10
2015-05-25 17:08:59,348 [share.py:113] DEBUG total_count: 0
2015-05-25 17:08:59,350 [share.py:113] DEBUG total_count: 0
2015-05-25 17:08:59,357 [share.py:113] DEBUG total_count: 4
2015-05-25 17:08:59,361 [share.py:113] DEBUG total_count: 0
2015-05-25 17:08:59,368 [share.py:113] DEBUG total_count: 4
2015-05-25 17:08:59,395 [share.py:113] DEBUG total_count: 15
2015-05-25 17:08:59,399 [share.py:113] DEBUG total_count: 13
2015-05-25 17:08:59,415 [share.py:113] DEBUG total_count: 9
2015-05-25 17:08:59,421 [share.py:113] DEBUG total_count: 14
2015-05-25 17:08:59,423 [share.py:113] DEBUG total_count: 6
2015-05-25 17:08:59,428 [share.py:113] DEBUG total_count: 7
2015-05-25 17:08:59,461 [share.py:113] DEBUG total_count: 6
2015-05-25 17:08:59,481 [share.py:113] DEBUG total_count: 20
2015-05-25 17:08:59,525 [share.py:113] DEBUG total_count: 35
2015-05-25 17:08:59,554 [share.py:113] DEBUG total_count: 36
2015-05-25 17:08:59,560 [share.py:113] DEBUG total_count: 24
2015-05-25 17:08:59,565 [share.py:113] DEBUG total_count: 38
2015-05-25 17:08:59,600 [share.py:113] DEBUG total_count: 11
2015-05-25 17:08:59,607 [share.py:113] DEBUG total_count: 195
2015-05-25 17:08:59,616 [share.py:113] DEBUG total_count: 31
2015-05-25 17:08:59,636 [share.py:113] DEBUG total_count: 38
2015-05-25 17:08:59,655 [share.py:113] DEBUG total_count: 40
2015-05-25 17:08:59,667 [share.py:113] DEBUG total_count: 2216
2015-05-25 17:08:59,682 [share.py:113] DEBUG total_count: 29
2015-05-25 17:08:59,701 [share.py:113] DEBUG total_count: 1264
2015-05-25 17:08:59,708 [share.py:113] DEBUG total_count: 362
2015-05-25 17:08:59,712 [share.py:113] DEBUG total_count: 3397
2015-05-25 17:08:59,714 [share.py:113] DEBUG total_count: 7
2015-05-25 17:08:59,718 [share.py:113] DEBUG total_count: 219
2015-05-25 17:08:59,724 [share.py:113] DEBUG total_count: 65
2015-05-25 17:08:59,729 [share.py:113] DEBUG total_count: 107
2015-05-25 17:08:59,740 [share.py:113] DEBUG total_count: 29
2015-05-25 17:08:59,760 [share.py:113] DEBUG total_count: 34
2015-05-25 17:08:59,789 [share.py:113] DEBUG total_count: 157
2015-05-25 17:08:59,795 [share.py:113] DEBUG total_count: 96
2015-05-25 17:08:59,799 [share.py:113] DEBUG total_count: 1298
2015-05-25 17:08:59,845 [share.py:113] DEBUG total_count: 113
2015-05-25 17:08:59,888 [share.py:113] DEBUG total_count: 709
2015-05-25 17:08:59,906 [share.py:113] DEBUG total_count: 3
2015-05-25 17:08:59,923 [share.py:113] DEBUG total_count: 6
2015-05-25 17:08:59,948 [share.py:113] DEBUG total_count: 13
2015-05-25 17:08:59,950 [share.py:113] DEBUG total_count: 11
2015-05-25 17:09:00,058 [share.py:113] DEBUG total_count: 44
2015-05-25 17:09:00,092 [share.py:113] DEBUG total_count: 3797
2015-05-25 17:09:00,097 [share.py:113] DEBUG total_count: 53
2015-05-25 17:09:00,112 [share.py:113] DEBUG total_count: 41
2015-05-25 17:09:00,120 [share.py:113] DEBUG total_count: 40
2015-05-25 17:09:00,155 [share.py:113] DEBUG total_count: 65
2015-05-25 17:09:00,162 [share.py:113] DEBUG total_count: 430
2015-05-25 17:09:00,213 [share.py:113] DEBUG total_count: 484
2015-05-25 17:09:00,220 [share.py:113] DEBUG total_count: 8
2015-05-25 17:09:00,260 [share.py:113] DEBUG total_count: 206
2015-05-25 17:09:00,343 [share.py:113] DEBUG total_count: 187
2015-05-25 17:09:00,527 [share.py:113] DEBUG total_count: 0
2015-05-25 17:09:00,576 [share.py:113] DEBUG total_count: 11
2015-05-25 17:09:00,583 [share.py:113] DEBUG total_count: 16
2015-05-25 17:09:00,621 [share.py:113] DEBUG total_count: 12
2015-05-25 17:09:00,644 [share.py:113] DEBUG total_count: 23
2015-05-25 17:09:00,663 [share.py:113] DEBUG total_count: 33
2015-05-25 17:09:00,676 [share.py:113] DEBUG total_count: 26
2015-05-25 17:09:00,986 [share.py:113] DEBUG total_count: 0
2015-05-25 17:09:01,186 [share.py:113] DEBUG total_count: 2
2015-05-25 17:09:01,428 [share.py:113] DEBUG total_count: 3
2015-05-25 17:09:01,486 [share.py:113] DEBUG total_count: 131
2015-05-25 17:09:01,656 [share.py:113] DEBUG total_count: 74
2015-05-25 17:09:01,912 [share.py:113] DEBUG total_count: 411
2015-05-25 17:09:01,942 [share.py:113] DEBUG total_count: 51
2015-05-25 17:09:02,004 [share.py:113] DEBUG total_count: 227
2015-05-25 17:09:02,166 [share.py:113] DEBUG total_count: 53
2015-05-25 17:09:02,184 [share.py:113] DEBUG total_count: 37
2015-05-25 17:09:02,356 [share.py:113] DEBUG total_count: 69
2015-05-25 17:09:02,380 [share.py:113] DEBUG total_count: 262
2015-05-25 17:09:02,406 [share.py:113] DEBUG total_count: 86
2015-05-25 17:09:02,434 [share.py:113] DEBUG total_count: 86
2015-05-25 17:09:02,445 [share.py:113] DEBUG total_count: 14
2015-05-25 17:09:02,459 [share.py:113] DEBUG total_count: 66
2015-05-25 17:09:02,527 [share.py:113] DEBUG total_count: 0
2015-05-25 17:09:02,612 [share.py:113] DEBUG total_count: 89
2015-05-25 17:09:02,635 [share.py:113] DEBUG total_count: 153
2015-05-25 17:09:02,756 [share.py:113] DEBUG total_count: 103
2015-05-25 17:09:02,912 [share.py:113] DEBUG total_count: 271
2015-05-25 17:09:02,927 [share.py:113] DEBUG total_count: 272
2015-05-25 17:09:02,982 [share.py:113] DEBUG total_count: 463
2015-05-25 17:09:03,060 [share.py:113] DEBUG total_count: 40
2015-05-25 17:09:03,098 [share.py:113] DEBUG total_count: 502
2015-05-25 17:09:03,106 [share.py:113] DEBUG total_count: 104
2015-05-25 17:09:03,127 [share.py:113] DEBUG total_count: 9
2015-05-25 17:09:03,204 [share.py:113] DEBUG total_count: 2014
2015-05-25 17:09:03,225 [share.py:113] DEBUG total_count: 179
2015-05-25 17:09:03,260 [share.py:113] DEBUG total_count: 86
2015-05-25 17:09:03,308 [share.py:113] DEBUG total_count: 1804
2015-05-25 17:09:03,370 [share.py:113] DEBUG total_count: 431
2015-05-25 17:09:03,458 [share.py:113] DEBUG total_count: 53
2015-05-25 17:09:03,504 [share.py:113] DEBUG total_count: 217
2015-05-25 17:09:03,588 [share.py:113] DEBUG total_count: 488
2015-05-25 17:09:03,668 [share.py:113] DEBUG total_count: 340
2015-05-25 17:09:03,684 [share.py:113] DEBUG total_count: 112
2015-05-25 17:09:03,715 [share.py:113] DEBUG total_count: 114
2015-05-25 17:09:03,764 [share.py:113] DEBUG total_count: 2140
2015-05-25 17:09:03,898 [share.py:113] DEBUG total_count: 72
2015-05-25 17:09:04,009 [share.py:113] DEBUG total_count: 372
2015-05-25 17:09:04,095 [share.py:113] DEBUG total_count: 261
2015-05-25 17:09:04,197 [share.py:113] DEBUG total_count: 35
2015-05-25 17:09:04,209 [share.py:113] DEBUG total_count: 1154
2015-05-25 17:09:04,281 [share.py:113] DEBUG total_count: 100
2015-05-25 17:09:04,290 [share.py:113] DEBUG total_count: 2983
2015-05-25 17:09:04,311 [share.py:113] DEBUG total_count: 485
2015-05-25 17:09:04,317 [share.py:113] DEBUG total_count: 255
2015-05-25 17:09:04,507 [share.py:113] DEBUG total_count: 586
2015-05-25 17:09:04,609 [share.py:113] DEBUG total_count: 36
2015-05-25 17:09:04,617 [share.py:113] DEBUG total_count: 176
2015-05-25 17:09:04,687 [share.py:113] DEBUG total_count: 8
2015-05-25 17:09:04,879 [share.py:113] DEBUG total_count: 37
2015-05-25 17:09:04,961 [share.py:113] DEBUG total_count: 71
2015-05-25 17:09:05,070 [share.py:113] DEBUG total_count: 52
2015-05-25 17:09:05,075 [share.py:113] DEBUG total_count: 106
2015-05-25 17:09:05,203 [share.py:113] DEBUG total_count: 46
2015-05-25 17:09:05,285 [share.py:113] DEBUG total_count: 117
2015-05-25 17:09:05,495 [share.py:113] DEBUG total_count: 22
2015-05-25 17:09:05,588 [share.py:113] DEBUG total_count: 65
2015-05-25 17:09:05,614 [share.py:113] DEBUG total_count: 70
2015-05-25 17:09:05,628 [share.py:113] DEBUG total_count: 94
2015-05-25 17:09:05,661 [share.py:113] DEBUG total_count: 142
2015-05-25 17:09:05,787 [share.py:113] DEBUG total_count: 87
2015-05-25 17:09:05,840 [share.py:113] DEBUG total_count: 1670
2015-05-25 17:09:05,904 [share.py:113] DEBUG total_count: 860
2015-05-25 17:09:06,186 [share.py:113] DEBUG total_count: 83
2015-05-25 17:09:06,355 [share.py:113] DEBUG total_count: 357
2015-05-25 17:09:07,901 [share.py:113] DEBUG total_count: 36
2015-05-25 17:09:08,324 [share.py:113] DEBUG total_count: 133
2015-05-25 17:09:09,526 [share.py:113] DEBUG total_count: 211
2015-05-25 17:09:10,514 [share.py:113] DEBUG total_count: 5208
2015-05-25 17:09:11,470 [share.py:121] ERROR [Failure instance: Traceback (failure with no frames): <class 'twisted.internet.defer.TimeoutError'>: Getting http://yun.baidu.com/pcloud/feed/getsharelist?auth_type=1&start=1&limit=60&query_uk=3626843335 took longer than 15 seconds.
] http://yun.baidu.com/pcloud/feed/getsharelist?auth_type=1&start=1&limit=60&query_uk=3626843335
2015-05-25 17:09:11,471 [share.py:127] ERROR exhaust try times: http://yun.baidu.com/pcloud/feed/getsharelist?auth_type=1&start=1&limit=60&query_uk=3626843335
2015-05-25 17:09:11,492 [share.py:113] DEBUG total_count: 65
2015-05-25 17:09:11,507 [share.py:121] ERROR [Failure instance: Traceback (failure with no frames): <class 'twisted.internet.defer.TimeoutError'>: Getting http://yun.baidu.com/pcloud/feed/getsharelist?auth_type=1&start=1&limit=60&query_uk=3007624685 took longer than 15 seconds.
] http://yun.baidu.com/pcloud/feed/getsharelist?auth_type=1&start=1&limit=60&query_uk=3007624685
2015-05-25 17:09:11,507 [share.py:127] ERROR exhaust try times: http://yun.baidu.com/pcloud/feed/getsharelist?auth_type=1&start=1&limit=60&query_uk=3007624685
2015-05-25 17:09:11,558 [share.py:121] ERROR [Failure instance: Traceback (failure with no frames): <class 'twisted.internet.defer.TimeoutError'>: Getting http://yun.baidu.com/pcloud/feed/getsharelist?auth_type=1&start=1&limit=60&query_uk=1681054822 took longer than 15 seconds.
] http://yun.baidu.com/pcloud/feed/getsharelist?auth_type=1&start=1&limit=60&query_uk=1681054822
2015-05-25 17:09:11,558 [share.py:127] ERROR exhaust try times: http://yun.baidu.com/pcloud/feed/getsharelist?auth_type=1&start=1&limit=60&query_uk=1681054822
2015-05-25 17:09:11,617 [share.py:121] ERROR [Failure instance: Traceback (failure with no frames): <class 'twisted.internet.defer.TimeoutError'>: Getting http://yun.baidu.com/pcloud/feed/getsharelist?auth_type=1&start=1&limit=60&query_uk=3862293523 took longer than 15 seconds.
] http://yun.baidu.com/pcloud/feed/getsharelist?auth_type=1&start=1&limit=60&query_uk=3862293523
2015-05-25 17:09:11,618 [share.py:127] ERROR exhaust try times: http://yun.baidu.com/pcloud/feed/getsharelist?auth_type=1&start=1&limit=60&query_uk=3862293523
2015-05-25 17:09:11,621 [share.py:121] ERROR [Failure instance: Traceback (failure with no frames): <class 'twisted.internet.defer.TimeoutError'>: Getting http://yun.baidu.com/pcloud/feed/getsharelist?auth_type=1&start=1&limit=60&query_uk=506439803 took longer than 15 seconds.
] http://yun.baidu.com/pcloud/feed/getsharelist?auth_type=1&start=1&limit=60&query_uk=506439803
2015-05-25 17:09:11,621 [share.py:127] ERROR exhaust try times: http://yun.baidu.com/pcloud/feed/getsharelist?auth_type=1&start=1&limit=60&query_uk=506439803
2015-05-25 17:09:11,622 [share.py:43] DEBUG total success: 195
2015-05-25 17:09:11,622 [share.py:44] DEBUG total failure: 5
2015-05-25 17:09:11,623 [share.py:54] DEBUG repeat fetch_total_count
2015-05-25 17:09:14,159 [share.py:113] DEBUG total_count: 96
2015-05-25 17:09:14,748 [share.py:113] DEBUG total_count: 429
2015-05-25 17:09:14,785 [share.py:113] DEBUG total_count: 920
2015-05-25 17:09:15,235 [share.py:113] DEBUG total_count: 181
2015-05-25 17:09:16,292 [share.py:113] DEBUG total_count: 607
2015-05-25 17:09:16,292 [share.py:43] DEBUG total success: 200
2015-05-25 17:09:16,293 [share.py:44] DEBUG total failure: 0
2015-05-25 17:09:16,293 [share.py:50] DEBUG turn fetch_shared
2015-05-25 17:09:31,535 [share.py:85] ERROR [Failure instance: Traceback (failure with no frames): <class 'twisted.internet.defer.TimeoutError'>: Getting http://yun.baidu.com/share/homerecord?uk=1427525255&page=3&pagelength=60 took longer than 15 seconds.
] http://yun.baidu.com/share/homerecord?uk=1427525255&page=3&pagelength=60
2015-05-25 17:09:31,535 [share.py:91] ERROR exhaust try times: http://yun.baidu.com/share/homerecord?uk=1427525255&page=3&pagelength=60
2015-05-25 17:09:31,550 [share.py:85] ERROR [Failure instance: Traceback (failure with no frames): <class 'twisted.internet.defer.TimeoutError'>: Getting http://yun.baidu.com/share/homerecord?uk=3626843335&page=4&pagelength=60 took longer than 15 seconds.
] http://yun.baidu.com/share/homerecord?uk=3626843335&page=4&pagelength=60
2015-05-25 17:09:31,551 [share.py:91] ERROR exhaust try times: http://yun.baidu.com/share/homerecord?uk=3626843335&page=4&pagelength=60
2015-05-25 17:09:31,551 [share.py:43] DEBUG total success: 198
2015-05-25 17:09:31,552 [share.py:44] DEBUG total failure: 711
2015-05-25 17:09:31,552 [share.py:54] DEBUG repeat fetch_shared
2015-05-25 17:09:46,737 [share.py:85] ERROR [Failure instance: Traceback (failure with no frames): <class 'twisted.internet.defer.TimeoutError'>: Getting http://yun.baidu.com/share/homerecord?uk=3627270537&page=8&pagelength=60 took longer than 15 seconds.
] http://yun.baidu.com/share/homerecord?uk=3627270537&page=8&pagelength=60
2015-05-25 17:09:46,738 [share.py:91] ERROR exhaust try times: http://yun.baidu.com/share/homerecord?uk=3627270537&page=8&pagelength=60
2015-05-25 17:09:46,756 [share.py:85] ERROR [Failure instance: Traceback (failure with no frames): <class 'twisted.internet.defer.TimeoutError'>: Getting http://yun.baidu.com/share/homerecord?uk=3627270537&page=26&pagelength=60 took longer than 15 seconds.
] http://yun.baidu.com/share/homerecord?uk=3627270537&page=26&pagelength=60
2015-05-25 17:09:46,756 [share.py:91] ERROR exhaust try times: http://yun.baidu.com/share/homerecord?uk=3627270537&page=26&pagelength=60
2015-05-25 17:09:46,872 [share.py:85] ERROR [Failure instance: Traceback (failure with no frames): <class 'twisted.internet.defer.TimeoutError'>: Getting http://yun.baidu.com/share/homerecord?uk=2215086982&page=15&pagelength=60 took longer than 15 seconds.
] http://yun.baidu.com/share/homerecord?uk=2215086982&page=15&pagelength=60
2015-05-25 17:09:46,873 [share.py:91] ERROR exhaust try times: http://yun.baidu.com/share/homerecord?uk=2215086982&page=15&pagelength=60
2015-05-25 17:09:46,875 [share.py:85] ERROR [Failure instance: Traceback (failure with no frames): <class 'twisted.internet.defer.TimeoutError'>: Getting http://yun.baidu.com/share/homerecord?uk=2215086982&page=20&pagelength=60 took longer than 15 seconds.
] http://yun.baidu.com/share/homerecord?uk=2215086982&page=20&pagelength=60
2015-05-25 17:09:46,875 [share.py:91] ERROR exhaust try times: http://yun.baidu.com/share/homerecord?uk=2215086982&page=20&pagelength=60
2015-05-25 17:09:46,876 [share.py:43] DEBUG total success: 394
2015-05-25 17:09:46,876 [share.py:44] DEBUG total failure: 515
2015-05-25 17:09:46,877 [share.py:54] DEBUG repeat fetch_shared
2015-05-25 17:09:53,709 [share.py:78] ERROR KeyError u'list' http://yun.baidu.com/share/homerecord?uk=2720577057&page=4&pagelength=60
2015-05-25 17:10:02,031 [share.py:85] ERROR [Failure instance: Traceback (failure with no frames): <class 'twisted.internet.defer.TimeoutError'>: Getting http://yun.baidu.com/share/homerecord?uk=608240440&page=6&pagelength=60 took longer than 15 seconds.
] http://yun.baidu.com/share/homerecord?uk=608240440&page=6&pagelength=60
2015-05-25 17:10:02,031 [share.py:91] ERROR exhaust try times: http://yun.baidu.com/share/homerecord?uk=608240440&page=6&pagelength=60
2015-05-25 17:10:02,032 [share.py:43] DEBUG total success: 593
2015-05-25 17:10:02,032 [share.py:44] DEBUG total failure: 316
2015-05-25 17:10:02,033 [share.py:54] DEBUG repeat fetch_shared
2015-05-25 17:10:17,190 [share.py:85] ERROR [Failure instance: Traceback (failure with no frames): <class 'twisted.internet.defer.TimeoutError'>: Getting http://yun.baidu.com/share/homerecord?uk=4063743357&page=7&pagelength=60 took longer than 15 seconds.
] http://yun.baidu.com/share/homerecord?uk=4063743357&page=7&pagelength=60
2015-05-25 17:10:17,191 [share.py:91] ERROR exhaust try times: http://yun.baidu.com/share/homerecord?uk=4063743357&page=7&pagelength=60
2015-05-25 17:10:17,209 [share.py:85] ERROR [Failure instance: Traceback (failure with no frames): <class 'twisted.internet.defer.TimeoutError'>: Getting http://yun.baidu.com/share/homerecord?uk=1326415654&page=4&pagelength=60 took longer than 15 seconds.
] http://yun.baidu.com/share/homerecord?uk=1326415654&page=4&pagelength=60
2015-05-25 17:10:17,209 [share.py:91] ERROR exhaust try times: http://yun.baidu.com/share/homerecord?uk=1326415654&page=4&pagelength=60
2015-05-25 17:10:17,223 [share.py:85] ERROR [Failure instance: Traceback (failure with no frames): <class 'twisted.internet.defer.TimeoutError'>: Getting http://yun.baidu.com/share/homerecord?uk=1326415654&page=14&pagelength=60 took longer than 15 seconds.
] http://yun.baidu.com/share/homerecord?uk=1326415654&page=14&pagelength=60
2015-05-25 17:10:17,223 [share.py:91] ERROR exhaust try times: http://yun.baidu.com/share/homerecord?uk=1326415654&page=14&pagelength=60
2015-05-25 17:10:17,224 [share.py:43] DEBUG total success: 790
2015-05-25 17:10:17,224 [share.py:44] DEBUG total failure: 119
2015-05-25 17:10:17,225 [share.py:54] DEBUG repeat fetch_shared
2015-05-25 17:10:32,357 [share.py:85] ERROR [Failure instance: Traceback (failure with no frames): <class 'twisted.internet.defer.TimeoutError'>: Getting http://yun.baidu.com/share/homerecord?uk=657981300&page=3&pagelength=60 took longer than 15 seconds.
] http://yun.baidu.com/share/homerecord?uk=657981300&page=3&pagelength=60
2015-05-25 17:10:32,357 [share.py:91] ERROR exhaust try times: http://yun.baidu.com/share/homerecord?uk=657981300&page=3&pagelength=60
2015-05-25 17:10:32,358 [share.py:43] DEBUG total success: 908
2015-05-25 17:10:32,358 [share.py:44] DEBUG total failure: 1
2015-05-25 17:10:32,358 [share.py:54] DEBUG repeat fetch_shared
2015-05-25 17:10:32,875 [share.py:43] DEBUG total success: 909
2015-05-25 17:10:32,875 [share.py:44] DEBUG total failure: 0
2015-05-25 17:10:32,876 [share.py:47] DEBUG cost time: 96.6061708927
